<?xml version="1.0" encoding="UTF-8"?>
<!-- Generated by org.testng.reporters.JUnitXMLReporter -->
<testsuite hostname="DESKTOP-LPSR3CB" name="UnitTestingTestSuite" tests="17" failures="0" timestamp="11 May 2022 08:36:37 GMT" time="67.442" errors="0">
  <testcase name="setData" time="0.012" classname="TestingADvXml.DataProviderExample"/>
  <testcase name="setData" time="0.002" classname="TestingADvXml.DataProviderExample"/>
  <testcase name="setData" time="0.002" classname="TestingADvXml.DataProviderExample"/>
  <testcase name="testLoginOfVtiger" time="17.514" classname="TestingADvXml.DataProviderExample"/>
  <testcase name="testLoginOfVtiger" time="16.372" classname="TestingADvXml.DataProviderExample"/>
  <testcase name="testLoginOfVtiger" time="11.098" classname="TestingADvXml.DataProviderExample"/>
  <testcase name="testCaseFive" time="0.005" classname="TestingADvXml.GroupExamples"/>
  <testcase name="testCaseFour" time="0.001" classname="TestingADvXml.GroupExamples"/>
  <testcase name="testCaseOne" time="0.001" classname="TestingADvXml.GroupExamples"/>
  <testcase name="testCaseThree" time="0.001" classname="TestingADvXml.GroupExamples"/>
  <testcase name="testCaseTwo" time="0.003" classname="TestingADvXml.GroupExamples"/>
  <testcase name="testCaseOne" time="6.396" classname="TestingADvXml.ParallelExecutionOfMethods"/>
  <testcase name="testCaseTwo" time="15.968" classname="TestingADvXml.ParallelExecutionOfMethods"/>
  <testcase name="testCaseOne" time="0.0" classname="TestingADvXml.Parameterization">
    <skipped/>
  </testcase> <!-- testCaseOne -->
  <testcase name="testCaseTwo" time="0.0" classname="TestingADvXml.Parameterization">
    <skipped/>
  </testcase> <!-- testCaseTwo -->
  <testcase name="testCaseThree" time="0.0" classname="TestingADvXml.Parameterization">
    <skipped/>
  </testcase> <!-- testCaseThree -->
  <testcase name="testLoginOfVtiger" time="0.0" classname="TestingADvXml.Parameterization">
    <skipped/>
  </testcase> <!-- testLoginOfVtiger -->
</testsuite> <!-- UnitTestingTestSuite -->
