<?xml version="1.0" encoding="UTF-8"?>
<!-- Generated by org.testng.reporters.JUnitXMLReporter -->
<testsuite hostname="DESKTOP-LPSR3CB" name="Test" tests="13" failures="0" timestamp="11 May 2022 10:11:08 GMT" time="61.171" errors="0">
  <testcase name="setData" time="0.022" classname="TestingADvXml.DataProviderExample"/>
  <testcase name="setData" time="0.003" classname="TestingADvXml.DataProviderExample"/>
  <testcase name="setData" time="0.009" classname="TestingADvXml.DataProviderExample"/>
  <testcase name="testLoginOfVtiger" time="22.177" classname="TestingADvXml.DataProviderExample"/>
  <testcase name="testLoginOfVtiger" time="11.773" classname="TestingADvXml.DataProviderExample"/>
  <testcase name="testLoginOfVtiger" time="11.481" classname="TestingADvXml.DataProviderExample"/>
  <testcase name="testCaseOne" time="5.218" classname="TestingADvXml.ParallelExecutionOfMethods"/>
  <testcase name="testCaseTwo" time="10.418" classname="TestingADvXml.ParallelExecutionOfMethods"/>
  <testcase name="testCaseFive" time="0.001" classname="TestingADvXml.GroupExamples"/>
  <testcase name="testCaseFour" time="0.001" classname="TestingADvXml.GroupExamples"/>
  <testcase name="testCaseOne" time="0.0" classname="TestingADvXml.GroupExamples"/>
  <testcase name="testCaseThree" time="0.001" classname="TestingADvXml.GroupExamples"/>
  <testcase name="testCaseTwo" time="0.001" classname="TestingADvXml.GroupExamples"/>
</testsuite> <!-- Test -->
