<?xml version="1.0" encoding="UTF-8"?>
<!-- Generated by org.testng.reporters.JUnitXMLReporter -->
<testsuite hostname="DESKTOP-LPSR3CB" ignored="1" name="Test" tests="23" failures="0" timestamp="2022-05-10T13:05:06 IST" time="2.149" errors="0">
  <testcase name="login" time="0.011" classname="Day1TestNG.Example_Param7"/>
  <testcase name="signIn" time="0.001" classname="Day1TestNG.Example_Param5"/>
  <testcase name="login" time="0.002" classname="Day1TestNG.Example_Param5"/>
  <testcase name="checkNotification" time="0.001" classname="Day1TestNG.Example_Param5"/>
  <testcase name="login" time="0.002" classname="Day1TestNG.Example_Param2"/>
  <testcase name="sendmail" time="0.001" classname="Day1TestNG.Example_Param2"/>
  <testcase name="logout" time="0.001" classname="Day1TestNG.Example_Param2"/>
  <testcase name="login" time="0.001" classname="Day1TestNG.Example_Param3"/>
  <testcase name="sendmail" time="0.002" classname="Day1TestNG.Example_Param3"/>
  <testcase name="Param1" time="0.002" classname="Day1TestNG.Example_Param1"/>
  <testcase name="Param1" time="0.0" classname="Day1TestNG.Example_Param1"/>
  <testcase name="Param1" time="0.002" classname="Day1TestNG.Example_Param1"/>
  <testcase name="Param1" time="0.001" classname="Day1TestNG.Example_Param1"/>
  <testcase name="Param1" time="0.002" classname="Day1TestNG.Example_Param1"/>
  <testcase name="Param1" time="0.001" classname="Day1TestNG.Example_Param1"/>
  <testcase name="Param1" time="0.001" classname="Day1TestNG.Example_Param1"/>
  <testcase name="Param1" time="0.001" classname="Day1TestNG.Example_Param1"/>
  <testcase name="Param1" time="0.001" classname="Day1TestNG.Example_Param1"/>
  <testcase name="Param1" time="0.002" classname="Day1TestNG.Example_Param1"/>
  <testcase name="testcase6" time="0.002" classname="Day1TestNG.TestNGExample5"/>
  <testcase name="testcase7" time="0.002" classname="Day1TestNG.TestNGExample5"/>
  <testcase name="testcase3" time="0.003" classname="Day1TestNG.TestNGExample3"/>
  <testcase name="testcase1" time="2.003" classname="Day1TestNG.TestNGExample2"/>
  <testcase name="logout" time="0.0" classname="Day1TestNG.Example_Param3">
    <ignored/>
  </testcase> <!-- logout -->
</testsuite> <!-- Test -->
