<?xml version="1.0" encoding="UTF-8"?>
<!-- Generated by org.testng.reporters.JUnitXMLReporter -->
<testsuite hostname="DESKTOP-LPSR3CB" name="Default test" tests="6" failures="0" timestamp="11 May 2022 07:51:44 GMT" time="45.38" errors="0">
  <testcase name="setData" time="0.012" classname="TestingADvXml.DataProviderExample"/>
  <testcase name="setData" time="0.002" classname="TestingADvXml.DataProviderExample"/>
  <testcase name="setData" time="0.001" classname="TestingADvXml.DataProviderExample"/>
  <testcase name="testLoginOfVtiger" time="18.89" classname="TestingADvXml.DataProviderExample"/>
  <testcase name="testLoginOfVtiger" time="13.961" classname="TestingADvXml.DataProviderExample"/>
  <testcase name="testLoginOfVtiger" time="12.479" classname="TestingADvXml.DataProviderExample"/>
</testsuite> <!-- Default test -->
