<?xml version="1.0" encoding="UTF-8"?>
<!-- Generated by org.testng.reporters.JUnitXMLReporter -->
<testsuite hostname="DESKTOP-LPSR3CB" ignored="0" name="testing" tests="5" failures="0" timestamp="2022-05-12T23:14:37 IST" time="0.08" errors="0">
  <testcase name="testCaseFive" time="0.011" classname="TestingADvXml.GroupExamples"/>
  <testcase name="testCaseFour" time="0.001" classname="TestingADvXml.GroupExamples"/>
  <testcase name="testCaseOne" time="0.002" classname="TestingADvXml.GroupExamples"/>
  <testcase name="testCaseThree" time="0.002" classname="TestingADvXml.GroupExamples"/>
  <testcase name="testCaseTwo" time="0.002" classname="TestingADvXml.GroupExamples"/>
</testsuite> <!-- testing -->
