<?xml version="1.0" encoding="UTF-8"?>
<!-- Generated by org.testng.reporters.JUnitXMLReporter -->
<testsuite hostname="DESKTOP-LPSR3CB" name="Testing Parameterization" tests="4" failures="0" timestamp="11 May 2022 07:35:59 GMT" time="17.6" errors="0">
  <testcase name="testCaseOne" time="0.013" classname="TestingADvXml.Parameterization"/>
  <testcase name="testCaseTwo" time="0.003" classname="TestingADvXml.Parameterization"/>
  <testcase name="testCaseThree" time="0.001" classname="TestingADvXml.Parameterization"/>
  <testcase name="testLoginOfVtiger" time="17.552" classname="TestingADvXml.Parameterization"/>
</testsuite> <!-- Testing Parameterization -->
