<?xml version="1.0" encoding="UTF-8"?>
<testng-results skipped="0" failed="0" ignored="0" total="2" passed="2">
  <reporter-output>
  </reporter-output>
  <suite name="Default suite" duration-ms="39768" started-at="2022-04-28T15:19:38 IST" finished-at="2022-04-28T15:20:18 IST">
    <groups>
    </groups>
    <test name="Default test" duration-ms="39768" started-at="2022-04-28T15:19:38 IST" finished-at="2022-04-28T15:20:18 IST">
      <class name="TestNGAssigments.TestNGAssigments1">
        <test-method status="PASS" signature="openBrowser()[pri:0, instance:TestNGAssigments.TestNGAssigments1@c46bcd4]" name="openBrowser" is-config="true" duration-ms="15073" started-at="2022-04-28T15:19:38 IST" finished-at="2022-04-28T15:19:53 IST">
          <reporter-output>
          </reporter-output>
        </test-method> <!-- openBrowser -->
        <test-method status="PASS" signature="verifyLogin()[pri:1, instance:TestNGAssigments.TestNGAssigments1@c46bcd4]" name="verifyLogin" duration-ms="24634" started-at="2022-04-28T15:19:53 IST" finished-at="2022-04-28T15:20:18 IST">
          <reporter-output>
          </reporter-output>
        </test-method> <!-- verifyLogin -->
        <test-method status="PASS" signature="createTask()[pri:2, instance:TestNGAssigments.TestNGAssigments1@c46bcd4]" name="createTask" duration-ms="1" started-at="2022-04-28T15:20:18 IST" finished-at="2022-04-28T15:20:18 IST">
          <reporter-output>
          </reporter-output>
        </test-method> <!-- createTask -->
        <test-method status="PASS" signature="closeBrowser()[pri:0, instance:TestNGAssigments.TestNGAssigments1@c46bcd4]" name="closeBrowser" is-config="true" duration-ms="1" started-at="2022-04-28T15:20:18 IST" finished-at="2022-04-28T15:20:18 IST">
          <reporter-output>
          </reporter-output>
        </test-method> <!-- closeBrowser -->
      </class> <!-- TestNGAssigments.TestNGAssigments1 -->
    </test> <!-- Default test -->
  </suite> <!-- Default suite -->
</testng-results>
