<?xml version="1.0" encoding="UTF-8"?>
<!-- Generated by org.testng.reporters.JUnitXMLReporter -->
<testsuite hostname="DESKTOP-LPSR3CB" ignored="0" name="testing" tests="5" failures="0" timestamp="2022-05-11T11:34:16 IST" time="0.107" errors="0">
  <testcase name="testCaseFive" time="0.011" classname="TestingAdvXml.GroupExamples"/>
  <testcase name="testCaseFour" time="0.002" classname="TestingAdvXml.GroupExamples"/>
  <testcase name="testCaseOne" time="0.002" classname="TestingAdvXml.GroupExamples"/>
  <testcase name="testCaseThree" time="0.002" classname="TestingAdvXml.GroupExamples"/>
  <testcase name="testCaseTwo" time="0.004" classname="TestingAdvXml.GroupExamples"/>
</testsuite> <!-- testing -->
