<?xml version="1.0" encoding="UTF-8"?>
<!-- Generated by org.testng.reporters.JUnitXMLReporter -->
<testsuite hostname="DESKTOP-LPSR3CB" name="testing" tests="5" failures="0" timestamp="11 May 2022 06:35:43 GMT" time="0.047" errors="0">
  <testcase name="testCaseFive" time="0.013" classname="TestingADvXml.GroupExamples"/>
  <testcase name="testCaseFour" time="0.001" classname="TestingADvXml.GroupExamples"/>
  <testcase name="testCaseOne" time="0.001" classname="TestingADvXml.GroupExamples"/>
  <testcase name="testCaseThree" time="0.003" classname="TestingADvXml.GroupExamples"/>
  <testcase name="testCaseTwo" time="0.001" classname="TestingADvXml.GroupExamples"/>
</testsuite> <!-- testing -->
