<?xml version="1.0" encoding="UTF-8"?>
<testng-results skipped="0" failed="0" ignored="0" total="2" passed="2">
  <reporter-output>
  </reporter-output>
  <suite name="Default suite" duration-ms="30972" started-at="2022-05-13T12:11:58 IST" finished-at="2022-05-13T12:12:29 IST">
    <groups>
    </groups>
    <test name="Default test" duration-ms="30972" started-at="2022-05-13T12:11:58 IST" finished-at="2022-05-13T12:12:29 IST">
      <class name="webpagescripts.LoginLogout">
        <test-method status="PASS" signature="precondition()[pri:0, instance:webpagescripts.LoginLogout@5891e32e]" name="precondition" is-config="true" duration-ms="22776" started-at="2022-05-13T12:11:58 IST" finished-at="2022-05-13T12:12:20 IST">
          <reporter-output>
          </reporter-output>
        </test-method> <!-- precondition -->
        <test-method status="PASS" signature="testLoginFunctionality()[pri:0, instance:webpagescripts.LoginLogout@5891e32e]" name="testLoginFunctionality" duration-ms="5402" started-at="2022-05-13T12:12:21 IST" finished-at="2022-05-13T12:12:26 IST">
          <reporter-output>
          </reporter-output>
        </test-method> <!-- testLoginFunctionality -->
        <test-method status="PASS" signature="testLogoutFunctionality()[pri:0, instance:webpagescripts.LoginLogout@5891e32e]" name="testLogoutFunctionality" duration-ms="2441" started-at="2022-05-13T12:12:26 IST" finished-at="2022-05-13T12:12:28 IST">
          <reporter-output>
          </reporter-output>
        </test-method> <!-- testLogoutFunctionality -->
        <test-method status="PASS" signature="postCondition()[pri:0, instance:webpagescripts.LoginLogout@5891e32e]" name="postCondition" is-config="true" duration-ms="202" started-at="2022-05-13T12:12:28 IST" finished-at="2022-05-13T12:12:29 IST">
          <reporter-output>
          </reporter-output>
        </test-method> <!-- postCondition -->
      </class> <!-- webpagescripts.LoginLogout -->
    </test> <!-- Default test -->
  </suite> <!-- Default suite -->
</testng-results>
