<?xml version="1.0" encoding="UTF-8"?>
<testng-results skipped="0" failed="2" ignored="0" total="2" passed="0">
  <reporter-output>
  </reporter-output>
  <suite name="Parallel test suite" duration-ms="160" started-at="2022-05-11T11:34:42 IST" finished-at="2022-05-11T11:34:42 IST">
    <groups>
    </groups>
    <test name="Regression 1" duration-ms="160" started-at="2022-05-11T11:34:42 IST" finished-at="2022-05-11T11:34:42 IST">
      <class name="TestingAdvXml.ParallelExecutionOfMethods">
        <test-method status="FAIL" signature="testCaseTwo()[pri:0, instance:TestingAdvXml.ParallelExecutionOfMethods@13c27452]" name="testCaseTwo" duration-ms="71" started-at="2022-05-11T11:34:42 IST" finished-at="2022-05-11T11:34:42 IST">
          <exception class="java.lang.NoClassDefFoundError">
            <message>
              <![CDATA[org/apache/commons/lang3/SystemUtils]]>
            </message>
            <full-stacktrace>
              <![CDATA[java.lang.NoClassDefFoundError: org/apache/commons/lang3/SystemUtils
at io.github.bonigarcia.wdm.config.Config.defaultOsName(Config.java:355)
at io.github.bonigarcia.wdm.config.Config.<init>(Config.java:103)
at io.github.bonigarcia.wdm.WebDriverManager.<init>(WebDriverManager.java:198)
at io.github.bonigarcia.wdm.managers.FirefoxDriverManager.<init>(FirefoxDriverManager.java:41)
at io.github.bonigarcia.wdm.WebDriverManager.firefoxdriver(WebDriverManager.java:215)
at utilities.SeleniumUtility.setUp(SeleniumUtility.java:52)
at TestingAdvXml.ParallelExecutionOfMethods.testCaseTwo(ParallelExecutionOfMethods.java:17)
at sun.reflect.NativeMethodAccessorImpl.invoke0(Native Method)
at sun.reflect.NativeMethodAccessorImpl.invoke(Unknown Source)
at sun.reflect.DelegatingMethodAccessorImpl.invoke(Unknown Source)
at java.lang.reflect.Method.invoke(Unknown Source)
at org.testng.internal.MethodInvocationHelper.invokeMethod(MethodInvocationHelper.java:133)
at org.testng.internal.TestInvoker.invokeMethod(TestInvoker.java:598)
at org.testng.internal.TestInvoker.invokeTestMethod(TestInvoker.java:173)
at org.testng.internal.MethodRunner.runInSequence(MethodRunner.java:46)
at org.testng.internal.TestInvoker$MethodInvocationAgent.invoke(TestInvoker.java:824)
at org.testng.internal.TestInvoker.invokeTestMethods(TestInvoker.java:146)
at org.testng.internal.TestMethodWorker.invokeTestMethods(TestMethodWorker.java:146)
at org.testng.internal.TestMethodWorker.run(TestMethodWorker.java:128)
at java.util.concurrent.ThreadPoolExecutor.runWorker(Unknown Source)
at java.util.concurrent.ThreadPoolExecutor$Worker.run(Unknown Source)
at java.lang.Thread.run(Unknown Source)
Caused by: java.lang.ClassNotFoundException: org.apache.commons.lang3.SystemUtils
at java.net.URLClassLoader.findClass(Unknown Source)
at java.lang.ClassLoader.loadClass(Unknown Source)
at sun.misc.Launcher$AppClassLoader.loadClass(Unknown Source)
at java.lang.ClassLoader.loadClass(Unknown Source)
... 22 more
]]>
            </full-stacktrace>
          </exception> <!-- java.lang.NoClassDefFoundError -->
          <reporter-output>
          </reporter-output>
        </test-method> <!-- testCaseTwo -->
        <test-method status="FAIL" signature="testCaseOne()[pri:0, instance:TestingAdvXml.ParallelExecutionOfMethods@13c27452]" name="testCaseOne" duration-ms="69" started-at="2022-05-11T11:34:42 IST" finished-at="2022-05-11T11:34:42 IST">
          <exception class="java.lang.NoClassDefFoundError">
            <message>
              <![CDATA[org/apache/commons/lang3/SystemUtils]]>
            </message>
            <full-stacktrace>
              <![CDATA[java.lang.NoClassDefFoundError: org/apache/commons/lang3/SystemUtils
at io.github.bonigarcia.wdm.config.Config.defaultOsName(Config.java:355)
at io.github.bonigarcia.wdm.config.Config.<init>(Config.java:103)
at io.github.bonigarcia.wdm.WebDriverManager.<init>(WebDriverManager.java:198)
at io.github.bonigarcia.wdm.managers.ChromeDriverManager.<init>(ChromeDriverManager.java:46)
at io.github.bonigarcia.wdm.WebDriverManager.chromedriver(WebDriverManager.java:207)
at utilities.SeleniumUtility.setUp(SeleniumUtility.java:48)
at TestingAdvXml.ParallelExecutionOfMethods.testCaseOne(ParallelExecutionOfMethods.java:11)
at sun.reflect.NativeMethodAccessorImpl.invoke0(Native Method)
at sun.reflect.NativeMethodAccessorImpl.invoke(Unknown Source)
at sun.reflect.DelegatingMethodAccessorImpl.invoke(Unknown Source)
at java.lang.reflect.Method.invoke(Unknown Source)
at org.testng.internal.MethodInvocationHelper.invokeMethod(MethodInvocationHelper.java:133)
at org.testng.internal.TestInvoker.invokeMethod(TestInvoker.java:598)
at org.testng.internal.TestInvoker.invokeTestMethod(TestInvoker.java:173)
at org.testng.internal.MethodRunner.runInSequence(MethodRunner.java:46)
at org.testng.internal.TestInvoker$MethodInvocationAgent.invoke(TestInvoker.java:824)
at org.testng.internal.TestInvoker.invokeTestMethods(TestInvoker.java:146)
at org.testng.internal.TestMethodWorker.invokeTestMethods(TestMethodWorker.java:146)
at org.testng.internal.TestMethodWorker.run(TestMethodWorker.java:128)
at java.util.concurrent.ThreadPoolExecutor.runWorker(Unknown Source)
at java.util.concurrent.ThreadPoolExecutor$Worker.run(Unknown Source)
at java.lang.Thread.run(Unknown Source)
]]>
            </full-stacktrace>
          </exception> <!-- java.lang.NoClassDefFoundError -->
          <reporter-output>
          </reporter-output>
        </test-method> <!-- testCaseOne -->
      </class> <!-- TestingAdvXml.ParallelExecutionOfMethods -->
    </test> <!-- Regression 1 -->
  </suite> <!-- Parallel test suite -->
</testng-results>
