<?xml version="1.0" encoding="UTF-8"?>
<testng-results skipped="0" failed="0" total="13" passed="13">
  <reporter-output>
  </reporter-output>
  <suite name="Suite" duration-ms="61171" started-at="2022-05-11T10:10:07Z" finished-at="2022-05-11T10:11:08Z">
    <groups>
      <group name="Smoke Test">
        <method signature="GroupExamples.testCaseFive()[pri:0, instance:TestingADvXml.GroupExamples@7ce3cb8e]" name="testCaseFive" class="TestingADvXml.GroupExamples"/>
        <method signature="GroupExamples.testCaseThree()[pri:0, instance:TestingADvXml.GroupExamples@7ce3cb8e]" name="testCaseThree" class="TestingADvXml.GroupExamples"/>
      </group> <!-- Smoke Test -->
      <group name="Regression">
        <method signature="GroupExamples.testCaseFour()[pri:0, instance:TestingADvXml.GroupExamples@7ce3cb8e]" name="testCaseFour" class="TestingADvXml.GroupExamples"/>
        <method signature="GroupExamples.testCaseOne()[pri:0, instance:TestingADvXml.GroupExamples@7ce3cb8e]" name="testCaseOne" class="TestingADvXml.GroupExamples"/>
        <method signature="GroupExamples.testCaseTwo()[pri:0, instance:TestingADvXml.GroupExamples@7ce3cb8e]" name="testCaseTwo" class="TestingADvXml.GroupExamples"/>
      </group> <!-- Regression -->
    </groups>
    <test name="Test" duration-ms="61171" started-at="2022-05-11T10:10:07Z" finished-at="2022-05-11T10:11:08Z">
      <class name="TestingADvXml.GroupExamples">
        <test-method status="PASS" signature="testCaseFive()[pri:0, instance:TestingADvXml.GroupExamples@7ce3cb8e]" name="testCaseFive" duration-ms="1" started-at="2022-05-11T15:41:08Z" finished-at="2022-05-11T15:41:08Z">
          <reporter-output>
          </reporter-output>
        </test-method> <!-- testCaseFive -->
        <test-method status="PASS" signature="testCaseFour()[pri:0, instance:TestingADvXml.GroupExamples@7ce3cb8e]" name="testCaseFour" duration-ms="1" started-at="2022-05-11T15:41:08Z" finished-at="2022-05-11T15:41:08Z">
          <reporter-output>
          </reporter-output>
        </test-method> <!-- testCaseFour -->
        <test-method status="PASS" signature="testCaseOne()[pri:0, instance:TestingADvXml.GroupExamples@7ce3cb8e]" name="testCaseOne" duration-ms="0" started-at="2022-05-11T15:41:08Z" finished-at="2022-05-11T15:41:08Z">
          <reporter-output>
          </reporter-output>
        </test-method> <!-- testCaseOne -->
        <test-method status="PASS" signature="testCaseThree()[pri:0, instance:TestingADvXml.GroupExamples@7ce3cb8e]" name="testCaseThree" duration-ms="1" started-at="2022-05-11T15:41:08Z" finished-at="2022-05-11T15:41:08Z">
          <reporter-output>
          </reporter-output>
        </test-method> <!-- testCaseThree -->
        <test-method status="PASS" signature="testCaseTwo()[pri:0, instance:TestingADvXml.GroupExamples@7ce3cb8e]" name="testCaseTwo" duration-ms="1" started-at="2022-05-11T15:41:08Z" finished-at="2022-05-11T15:41:08Z">
          <reporter-output>
          </reporter-output>
        </test-method> <!-- testCaseTwo -->
      </class> <!-- TestingADvXml.GroupExamples -->
      <class name="TestingADvXml.ParallelExecutionOfMethods">
        <test-method status="PASS" signature="testCaseOne()[pri:0, instance:TestingADvXml.ParallelExecutionOfMethods@10e92f8f]" name="testCaseOne" duration-ms="5218" started-at="2022-05-11T15:40:52Z" finished-at="2022-05-11T15:40:57Z">
          <reporter-output>
          </reporter-output>
        </test-method> <!-- testCaseOne -->
        <test-method status="PASS" signature="testCaseTwo()[pri:0, instance:TestingADvXml.ParallelExecutionOfMethods@10e92f8f]" name="testCaseTwo" duration-ms="10418" started-at="2022-05-11T15:40:57Z" finished-at="2022-05-11T15:41:08Z">
          <reporter-output>
          </reporter-output>
        </test-method> <!-- testCaseTwo -->
      </class> <!-- TestingADvXml.ParallelExecutionOfMethods -->
      <class name="TestingADvXml.DataProviderExample">
        <test-method status="PASS" signature="setData(java.lang.String, java.lang.String)[pri:0, instance:TestingADvXml.DataProviderExample@5be6e01c]" name="setData" duration-ms="22" started-at="2022-05-11T15:40:07Z" data-provider="getData" finished-at="2022-05-11T15:40:07Z">
          <params>
            <param index="0">
              <value>
                <![CDATA[admin]]>
              </value>
            </param>
            <param index="1">
              <value>
                <![CDATA[admin]]>
              </value>
            </param>
          </params>
          <reporter-output>
          </reporter-output>
        </test-method> <!-- setData -->
        <test-method status="PASS" signature="setData(java.lang.String, java.lang.String)[pri:0, instance:TestingADvXml.DataProviderExample@5be6e01c]" name="setData" duration-ms="3" started-at="2022-05-11T15:40:07Z" data-provider="getData" finished-at="2022-05-11T15:40:07Z">
          <params>
            <param index="0">
              <value>
                <![CDATA[]]>
              </value>
            </param>
            <param index="1">
              <value>
                <![CDATA[]]>
              </value>
            </param>
          </params>
          <reporter-output>
          </reporter-output>
        </test-method> <!-- setData -->
        <test-method status="PASS" signature="setData(java.lang.String, java.lang.String)[pri:0, instance:TestingADvXml.DataProviderExample@5be6e01c]" name="setData" duration-ms="9" started-at="2022-05-11T15:40:07Z" data-provider="getData" finished-at="2022-05-11T15:40:07Z">
          <params>
            <param index="0">
              <value>
                <![CDATA[guestuser3]]>
              </value>
            </param>
            <param index="1">
              <value>
                <![CDATA[pass123]]>
              </value>
            </param>
          </params>
          <reporter-output>
          </reporter-output>
        </test-method> <!-- setData -->
        <test-method status="PASS" signature="testLoginOfVtiger(java.lang.String, java.lang.String, java.lang.String)[pri:0, instance:TestingADvXml.DataProviderExample@5be6e01c]" name="testLoginOfVtiger" duration-ms="22177" started-at="2022-05-11T15:40:07Z" data-provider="testData" finished-at="2022-05-11T15:40:29Z">
          <params>
            <param index="0">
              <value>
                <![CDATA[chrome]]>
              </value>
            </param>
            <param index="1">
              <value>
                <![CDATA[admin]]>
              </value>
            </param>
            <param index="2">
              <value>
                <![CDATA[Test@123]]>
              </value>
            </param>
          </params>
          <reporter-output>
          </reporter-output>
        </test-method> <!-- testLoginOfVtiger -->
        <test-method status="PASS" signature="testLoginOfVtiger(java.lang.String, java.lang.String, java.lang.String)[pri:0, instance:TestingADvXml.DataProviderExample@5be6e01c]" name="testLoginOfVtiger" duration-ms="11773" started-at="2022-05-11T15:40:29Z" data-provider="testData" finished-at="2022-05-11T15:40:41Z">
          <params>
            <param index="0">
              <value>
                <![CDATA[chrome]]>
              </value>
            </param>
            <param index="1">
              <value>
                <![CDATA[pass123]]>
              </value>
            </param>
            <param index="2">
              <value>
                <![CDATA[admin]]>
              </value>
            </param>
          </params>
          <reporter-output>
          </reporter-output>
        </test-method> <!-- testLoginOfVtiger -->
        <test-method status="PASS" signature="testLoginOfVtiger(java.lang.String, java.lang.String, java.lang.String)[pri:0, instance:TestingADvXml.DataProviderExample@5be6e01c]" name="testLoginOfVtiger" duration-ms="11481" started-at="2022-05-11T15:40:41Z" data-provider="testData" finished-at="2022-05-11T15:40:52Z">
          <params>
            <param index="0">
              <value>
                <![CDATA[chrome]]>
              </value>
            </param>
            <param index="1">
              <value>
                <![CDATA[]]>
              </value>
            </param>
            <param index="2">
              <value>
                <![CDATA[]]>
              </value>
            </param>
          </params>
          <reporter-output>
          </reporter-output>
        </test-method> <!-- testLoginOfVtiger -->
      </class> <!-- TestingADvXml.DataProviderExample -->
    </test> <!-- Test -->
  </suite> <!-- Suite -->
</testng-results>
